# JRE version: Java(TM) SE Runtime Environment (8.0_72-b15) (build 1.8.0_72-b15)
# Java VM: Java HotSpot(TM) 64-Bit Server VM (25.72-b15 mixed mode windows-amd64 compressed oops)
Heap:
 PSYoungGen      total 435200K, used 71186K [0x000000076b780000, 0x0000000787780000, 0x00000007c0000000)
  eden space 420864K, 13% used [0x000000076b780000,0x000000076ef5fab8,0x0000000785280000)
  from space 14336K, 97% used [0x0000000786980000,0x00000007877250b8,0x0000000787780000)
  to   space 16896K, 0% used [0x0000000785680000,0x0000000785680000,0x0000000786700000)
 ParOldGen       total 103424K, used 16116K [0x00000006c2600000, 0x00000006c8b00000, 0x000000076b780000)
  object space 103424K, 15% used [0x00000006c2600000,0x00000006c35bd1b8,0x00000006c8b00000)
 Metaspace       used 42893K, capacity 44520K, committed 44672K, reserved 1087488K
  class space    used 5463K, capacity 5754K, committed 5760K, reserved 1048576K
GC Heap History (10 events):
Event: 3.323 GC heap before
{Heap before GC invocations=6 (full 1):
 PSYoungGen      total 140800K, used 130048K [0x000000076b780000, 0x0000000774b80000, 0x00000007c0000000)
  eden space 130048K, 100% used [0x000000076b780000,0x0000000773680000,0x0000000773680000)
  from space 10752K, 0% used [0x0000000774100000,0x0000000774100000,0x0000000774b80000)
  to   space 10752K, 0% used [0x0000000773680000,0x0000000773680000,0x0000000774100000)
 ParOldGen       total 78336K, used 5494K [0x00000006c2600000, 0x00000006c7280000, 0x000000076b780000)
  object space 78336K, 7% used [0x00000006c2600000,0x00000006c2b5dbb8,0x00000006c7280000)
 Metaspace       used 28233K, capacity 29074K, committed 29184K, reserved 1075200K
  class space    used 3556K, capacity 3769K, committed 3840K, reserved 1048576K
Event: 3.331 GC heap after
Heap after GC invocations=6 (full 1):
 PSYoungGen      total 140800K, used 10732K [0x000000076b780000, 0x000000077bc00000, 0x00000007c0000000)
  eden space 130048K, 0% used [0x000000076b780000,0x000000076b780000,0x0000000773680000)
  from space 10752K, 99% used [0x0000000773680000,0x00000007740fb1e8,0x0000000774100000)
  to   space 12288K, 0% used [0x000000077b000000,0x000000077b000000,0x000000077bc00000)
 ParOldGen       total 78336K, used 6711K [0x00000006c2600000, 0x00000006c7280000, 0x000000076b780000)
  object space 78336K, 8% used [0x00000006c2600000,0x00000006c2c8de80,0x00000006c7280000)
 Metaspace       used 28233K, capacity 29074K, committed 29184K, reserved 1075200K
  class space    used 3556K, capacity 3769K, committed 3840K, reserved 1048576K
}
Event: 5.233 GC heap before
{Heap before GC invocations=7 (full 1):
 PSYoungGen      total 140800K, used 140780K [0x000000076b780000, 0x000000077bc00000, 0x00000007c0000000)
  eden space 130048K, 100% used [0x000000076b780000,0x0000000773680000,0x0000000773680000)
  from space 10752K, 99% used [0x0000000773680000,0x00000007740fb1e8,0x0000000774100000)
  to   space 12288K, 0% used [0x000000077b000000,0x000000077b000000,0x000000077bc00000)
 ParOldGen       total 78336K, used 6711K [0x00000006c2600000, 0x00000006c7280000, 0x000000076b780000)
  object space 78336K, 8% used [0x00000006c2600000,0x00000006c2c8de80,0x00000006c7280000)
 Metaspace       used 33346K, capacity 34584K, committed 34688K, reserved 1079296K
  class space    used 4162K, capacity 4400K, committed 4480K, reserved 1048576K
Event: 5.248 GC heap after
Heap after GC invocations=7 (full 1):
 PSYoungGen      total 249856K, used 12265K [0x000000076b780000, 0x000000077bc80000, 0x00000007c0000000)
  eden space 237568K, 0% used [0x000000076b780000,0x000000076b780000,0x0000000779f80000)
  from space 12288K, 99% used [0x000000077b000000,0x000000077bbfa490,0x000000077bc00000)
  to   space 14848K, 0% used [0x0000000779f80000,0x0000000779f80000,0x000000077ae00000)
 ParOldGen       total 78336K, used 7710K [0x00000006c2600000, 0x00000006c7280000, 0x000000076b780000)
  object space 78336K, 9% used [0x00000006c2600000,0x00000006c2d87a28,0x00000006c7280000)
 Metaspace       used 33346K, capacity 34584K, committed 34688K, reserved 1079296K
  class space    used 4162K, capacity 4400K, committed 4480K, reserved 1048576K
}
Event: 5.774 GC heap before
{Heap before GC invocations=8 (full 1):
 PSYoungGen      total 249856K, used 42971K [0x000000076b780000, 0x000000077bc80000, 0x00000007c0000000)
  eden space 237568K, 12% used [0x000000076b780000,0x000000076d57c880,0x0000000779f80000)
  from space 12288K, 99% used [0x000000077b000000,0x000000077bbfa490,0x000000077bc00000)
  to   space 14848K, 0% used [0x0000000779f80000,0x0000000779f80000,0x000000077ae00000)
 ParOldGen       total 78336K, used 7710K [0x00000006c2600000, 0x00000006c7280000, 0x000000076b780000)
  object space 78336K, 9% used [0x00000006c2600000,0x00000006c2d87a28,0x00000006c7280000)
 Metaspace       used 33999K, capacity 35214K, committed 35416K, reserved 1081344K
  class space    used 4247K, capacity 4501K, committed 4608K, reserved 1048576K
Event: 5.798 GC heap after
Heap after GC invocations=8 (full 1):
 PSYoungGen      total 252416K, used 11489K [0x000000076b780000, 0x0000000787880000, 0x00000007c0000000)
  eden space 237568K, 0% used [0x000000076b780000,0x000000076b780000,0x0000000779f80000)
  from space 14848K, 77% used [0x0000000779f80000,0x000000077aab84d8,0x000000077ae00000)
  to   space 15360K, 0% used [0x0000000786980000,0x0000000786980000,0x0000000787880000)
 ParOldGen       total 78336K, used 7718K [0x00000006c2600000, 0x00000006c7280000, 0x000000076b780000)
  object space 78336K, 9% used [0x00000006c2600000,0x00000006c2d89a28,0x00000006c7280000)
 Metaspace       used 33999K, capacity 35214K, committed 35416K, reserved 1081344K
  class space    used 4247K, capacity 4501K, committed 4608K, reserved 1048576K
}
Event: 5.798 GC heap before
{Heap before GC invocations=9 (full 2):
 PSYoungGen      total 252416K, used 11489K [0x000000076b780000, 0x0000000787880000, 0x00000007c0000000)
  eden space 237568K, 0% used [0x000000076b780000,0x000000076b780000,0x0000000779f80000)
  from space 14848K, 77% used [0x0000000779f80000,0x000000077aab84d8,0x000000077ae00000)
  to   space 15360K, 0% used [0x0000000786980000,0x0000000786980000,0x0000000787880000)
 ParOldGen       total 78336K, used 7718K [0x00000006c2600000, 0x00000006c7280000, 0x000000076b780000)
  object space 78336K, 9% used [0x00000006c2600000,0x00000006c2d89a28,0x00000006c7280000)
 Metaspace       used 33999K, capacity 35214K, committed 35416K, reserved 1081344K
  class space    used 4247K, capacity 4501K, committed 4608K, reserved 1048576K
Event: 5.846 GC heap after
Heap after GC invocations=9 (full 2):
 PSYoungGen      total 252416K, used 0K [0x000000076b780000, 0x0000000787880000, 0x00000007c0000000)
  eden space 237568K, 0% used [0x000000076b780000,0x000000076b780000,0x0000000779f80000)
  from space 14848K, 0% used [0x0000000779f80000,0x0000000779f80000,0x000000077ae00000)
  to   space 15360K, 0% used [0x0000000786980000,0x0000000786980000,0x0000000787880000)
 ParOldGen       total 103424K, used 16108K [0x00000006c2600000, 0x00000006c8b00000, 0x000000076b780000)
  object space 103424K, 15% used [0x00000006c2600000,0x00000006c35bb1b8,0x00000006c8b00000)
 Metaspace       used 33999K, capacity 35214K, committed 35416K, reserved 1081344K
  class space    used 4247K, capacity 4501K, committed 4608K, reserved 1048576K
}
Event: 36.465 GC heap before
{Heap before GC invocations=10 (full 2):
 PSYoungGen      total 252416K, used 237568K [0x000000076b780000, 0x0000000787880000, 0x00000007c0000000)
  eden space 237568K, 100% used [0x000000076b780000,0x0000000779f80000,0x0000000779f80000)
  from space 14848K, 0% used [0x0000000779f80000,0x0000000779f80000,0x000000077ae00000)
  to   space 15360K, 0% used [0x0000000786980000,0x0000000786980000,0x0000000787880000)
 ParOldGen       total 103424K, used 16108K [0x00000006c2600000, 0x00000006c8b00000, 0x000000076b780000)
  object space 103424K, 15% used [0x00000006c2600000,0x00000006c35bb1b8,0x00000006c8b00000)
 Metaspace       used 42087K, capacity 43668K, committed 43904K, reserved 1087488K
  class space    used 5382K, capacity 5670K, committed 5760K, reserved 1048576K
Event: 36.484 GC heap after
Heap after GC invocations=10 (full 2):
 PSYoungGen      total 435200K, used 13972K [0x000000076b780000, 0x0000000787780000, 0x00000007c0000000)
  eden space 420864K, 0% used [0x000000076b780000,0x000000076b780000,0x0000000785280000)
  from space 14336K, 97% used [0x0000000786980000,0x00000007877250b8,0x0000000787780000)
  to   space 16896K, 0% used [0x0000000785680000,0x0000000785680000,0x0000000786700000)
 ParOldGen       total 103424K, used 16116K [0x00000006c2600000, 0x00000006c8b00000, 0x000000076b780000)
  object space 103424K, 15% used [0x00000006c2600000,0x00000006c35bd1b8,0x00000006c8b00000)
 Metaspace       used 42087K, capacity 43668K, committed 43904K, reserved 1087488K
  class space    used 5382K, capacity 5670K, committed 5760K, reserved 1048576K
}

